t=2020-04-27T08:03:53+0100 lvl=info msg="Starting Grafana" logger=server version=6.6.2 commit=3fa63cfc34 branch=HEAD compiled=2020-02-20T12:03:49+0000
t=2020-04-27T08:03:53+0100 lvl=info msg="Config loaded from" logger=settings file=/app/grafana/grafana-6.6.2/conf/defaults.ini
t=2020-04-27T08:03:53+0100 lvl=info msg="Config loaded from" logger=settings file=/app/grafana/conf/grafana.ini
t=2020-04-27T08:03:53+0100 lvl=info msg="Path Home" logger=settings path=/app/grafana/grafana-6.6.2
t=2020-04-27T08:03:53+0100 lvl=info msg="Path Data" logger=settings path=/app/grafana/grafana-6.6.2/data
t=2020-04-27T08:03:53+0100 lvl=info msg="Path Logs" logger=settings path=/app/grafana/logs
t=2020-04-27T08:03:53+0100 lvl=info msg="Path Plugins" logger=settings path=/app/grafana/plugins
t=2020-04-27T08:03:53+0100 lvl=info msg="Path Provisioning" logger=settings path=/app/grafana/conf/provisioning
t=2020-04-27T08:03:53+0100 lvl=info msg="App mode production" logger=settings
t=2020-04-27T08:03:53+0100 lvl=info msg="Initializing SqlStore" logger=server
t=2020-04-27T08:03:53+0100 lvl=info msg="Connecting to DB" logger=sqlstore dbtype=sqlite3
t=2020-04-27T08:03:53+0100 lvl=info msg="Starting DB migration" logger=migrator
t=2020-04-27T08:03:54+0100 lvl=info msg="Initializing HTTPServer" logger=server
t=2020-04-27T08:03:54+0100 lvl=info msg="Initializing BackendPluginManager" logger=server
t=2020-04-27T08:03:54+0100 lvl=info msg="Initializing PluginManager" logger=server
t=2020-04-27T08:03:54+0100 lvl=info msg="Starting plugin search" logger=plugins
t=2020-04-27T08:03:56+0100 lvl=info msg="Initializing HooksService" logger=server
t=2020-04-27T08:03:56+0100 lvl=info msg="Initializing OSSLicensingService" logger=server
t=2020-04-27T08:03:56+0100 lvl=info msg="Initializing InternalMetricsService" logger=server
t=2020-04-27T08:03:56+0100 lvl=info msg="Initializing RemoteCache" logger=server
t=2020-04-27T08:03:56+0100 lvl=info msg="Initializing QuotaService" logger=server
t=2020-04-27T08:03:56+0100 lvl=info msg="Initializing ServerLockService" logger=server
t=2020-04-27T08:03:56+0100 lvl=info msg="Initializing UserAuthTokenService" logger=server
t=2020-04-27T08:03:56+0100 lvl=info msg="Initializing RenderingService" logger=server
t=2020-04-27T08:03:56+0100 lvl=info msg="Initializing AlertEngine" logger=server
t=2020-04-27T08:03:56+0100 lvl=info msg="Initializing DatasourceCacheService" logger=server
t=2020-04-27T08:03:56+0100 lvl=info msg="Initializing LoginService" logger=server
t=2020-04-27T08:03:56+0100 lvl=info msg="Initializing SearchService" logger=server
t=2020-04-27T08:03:56+0100 lvl=info msg="Initializing TracingService" logger=server
t=2020-04-27T08:03:56+0100 lvl=info msg="Initializing UsageStatsService" logger=server
t=2020-04-27T08:03:56+0100 lvl=info msg="Initializing CleanUpService" logger=server
t=2020-04-27T08:03:56+0100 lvl=info msg="Initializing NotificationService" logger=server
t=2020-04-27T08:03:56+0100 lvl=info msg="Initializing provisioningServiceImpl" logger=server
t=2020-04-27T08:03:56+0100 lvl=info msg="Backend rendering via phantomJS" logger=rendering renderer=phantomJS
t=2020-04-27T08:03:56+0100 lvl=warn msg="phantomJS is deprecated and will be removed in a future release. You should consider migrating from phantomJS to grafana-image-renderer plugin." logger=rendering renderer=phantomJS
t=2020-04-27T08:03:56+0100 lvl=info msg="Initializing Stream Manager"
t=2020-04-27T08:03:56+0100 lvl=info msg="HTTP Server Listen" logger=http.server address=[::]:3000 protocol=http subUrl= socket=
